2017-06-15 22:50:34,203 [Worker-23] INFO  o.e.m.c.i.p.ProjectConfigurationManager - Collecting project info '/pom.xml' D:\Drivers\eclipse\TheFxDealsAnalyzer\dealsanalyzer\pom.xml
2017-06-15 22:50:41,868 [Worker-23] INFO  o.e.m.c.i.l.LifecycleMappingFactory - Using org.maven.ide.eclipse.wtp.WarLifecycleMapping lifecycle mapping for MavenProject: com.datawarehouse:dealsanalyzer:0.0.1-SNAPSHOT @ D:\Drivers\eclipse\TheFxDealsAnalyzer\dealsanalyzer\pom.xml.
2017-06-15 22:50:45,030 [Worker-23] INFO  o.e.m.j.i.AbstractJavaProjectConfigurator - Adding source folder /dealsanalyzer/src/main/java
2017-06-15 22:50:45,031 [Worker-23] INFO  o.e.m.j.i.AbstractJavaProjectConfigurator - Adding resource folder /dealsanalyzer/src/main/resources
2017-06-15 22:50:45,033 [Worker-23] INFO  o.e.m.j.i.AbstractJavaProjectConfigurator - Adding source folder /dealsanalyzer/src/test/java
2017-06-15 22:50:53,416 [Worker-23] INFO  o.e.m.c.i.p.ProjectConfigurationManager - Imported and configured 1 project(s) in 19 sec
2017-06-15 22:50:54,786 [Worker-9] WARN  o.e.m.c.i.embedder.EclipseLogger - Using platform encoding (Cp1252 actually) to copy filtered resources, i.e. build is platform dependent!
2017-06-15 22:50:54,811 [Worker-9] INFO  o.e.m.c.i.embedder.EclipseLogger - Copying 0 resource
2017-06-15 22:50:54,817 [Worker-9] WARN  o.e.m.c.i.embedder.EclipseLogger - Using platform encoding (Cp1252 actually) to copy filtered resources, i.e. build is platform dependent!
2017-06-15 22:50:54,830 [Worker-9] INFO  o.e.m.c.i.embedder.EclipseLogger - skip non existing resourceDirectory D:\Drivers\eclipse\TheFxDealsAnalyzer\dealsanalyzer\src\test\resources
2017-06-15 22:50:57,466 [Worker-16] WARN  o.e.m.c.i.embedder.EclipseLogger - Using platform encoding (Cp1252 actually) to copy filtered resources, i.e. build is platform dependent!
2017-06-15 22:50:57,539 [Worker-16] INFO  o.e.m.c.i.embedder.EclipseLogger - Copying 0 resource
2017-06-15 22:50:57,543 [Worker-16] WARN  o.e.m.c.i.embedder.EclipseLogger - Using platform encoding (Cp1252 actually) to copy filtered resources, i.e. build is platform dependent!
2017-06-15 22:50:57,556 [Worker-16] INFO  o.e.m.c.i.embedder.EclipseLogger - skip non existing resourceDirectory D:\Drivers\eclipse\TheFxDealsAnalyzer\dealsanalyzer\src\test\resources
2017-06-15 22:52:52,656 [Worker-17] INFO  o.e.m.c.i.l.LifecycleMappingFactory - Using org.maven.ide.eclipse.wtp.WarLifecycleMapping lifecycle mapping for MavenProject: com.datawarehouse:dealsanalyzer:0.0.1-SNAPSHOT @ D:\Drivers\eclipse\TheFxDealsAnalyzer\dealsanalyzer\pom.xml.
2017-06-15 22:52:55,135 [Worker-17] INFO  o.e.m.c.i.e.AbstractTransferListenerAdapter - Downloading https://repo.maven.apache.org/maven2/javax/servlet/javax.servlet-api/3.1.0/javax.servlet-api-3.1.0.pom
2017-06-15 22:52:55,881 [Worker-17] INFO  o.e.m.c.i.e.AbstractTransferListenerAdapter - Downloaded https://repo.maven.apache.org/maven2/javax/servlet/javax.servlet-api/3.1.0/javax.servlet-api-3.1.0.pom
2017-06-15 22:52:56,341 [Worker-17] INFO  o.e.m.c.i.e.AbstractTransferListenerAdapter - Downloading https://repo.maven.apache.org/maven2/net/java/jvnet-parent/3/jvnet-parent-3.pom
2017-06-15 22:52:56,801 [Worker-17] INFO  o.e.m.c.i.e.AbstractTransferListenerAdapter - Downloaded https://repo.maven.apache.org/maven2/net/java/jvnet-parent/3/jvnet-parent-3.pom
2017-06-15 22:52:57,229 [Worker-17] INFO  o.e.m.c.i.e.AbstractTransferListenerAdapter - Downloading https://repo.maven.apache.org/maven2/javax/servlet/javax.servlet-api/3.1.0/javax.servlet-api-3.1.0.jar
2017-06-15 22:52:58,816 [Worker-17] INFO  o.e.m.c.i.e.AbstractTransferListenerAdapter - Downloaded https://repo.maven.apache.org/maven2/javax/servlet/javax.servlet-api/3.1.0/javax.servlet-api-3.1.0.jar
2017-06-15 22:53:00,163 [Worker-17] WARN  o.e.m.c.i.embedder.EclipseLogger - Using platform encoding (Cp1252 actually) to copy filtered resources, i.e. build is platform dependent!
2017-06-15 22:53:00,181 [Worker-17] INFO  o.e.m.c.i.embedder.EclipseLogger - Copying 0 resource
2017-06-15 22:53:00,185 [Worker-17] WARN  o.e.m.c.i.embedder.EclipseLogger - Using platform encoding (Cp1252 actually) to copy filtered resources, i.e. build is platform dependent!
2017-06-15 22:53:00,197 [Worker-17] INFO  o.e.m.c.i.embedder.EclipseLogger - skip non existing resourceDirectory D:\Drivers\eclipse\TheFxDealsAnalyzer\dealsanalyzer\src\test\resources
2017-06-15 22:53:00,199 [Worker-17] INFO  o.e.m.w.i.f.ResourceFilteringBuildParticipant - Changed resources require a complete clean of filtered resources of dealsanalyzer
2017-06-15 22:53:00,200 [Worker-17] INFO  o.e.m.w.i.f.ResourceFilteringBuildParticipant - Executing resource filtering for dealsanalyzer
2017-06-15 22:53:00,211 [Worker-17] WARN  o.e.m.c.i.embedder.EclipseLogger - Using platform encoding (Cp1252 actually) to copy filtered resources, i.e. build is platform dependent!
2017-06-15 22:53:01,357 [Worker-17] WARN  o.e.m.c.i.embedder.EclipseLogger - Using platform encoding (Cp1252 actually) to copy filtered resources, i.e. build is platform dependent!
2017-06-15 22:53:01,367 [Worker-17] INFO  o.e.m.c.i.embedder.EclipseLogger - Copying 0 resource
2017-06-15 22:53:01,369 [Worker-17] WARN  o.e.m.c.i.embedder.EclipseLogger - Using platform encoding (Cp1252 actually) to copy filtered resources, i.e. build is platform dependent!
2017-06-15 22:53:01,377 [Worker-17] INFO  o.e.m.c.i.embedder.EclipseLogger - skip non existing resourceDirectory D:\Drivers\eclipse\TheFxDealsAnalyzer\dealsanalyzer\src\test\resources
2017-06-15 22:55:28,733 [Worker-9] WARN  o.e.m.c.i.embedder.EclipseLogger - Using platform encoding (Cp1252 actually) to copy filtered resources, i.e. build is platform dependent!
2017-06-15 22:55:28,746 [Worker-9] INFO  o.e.m.c.i.embedder.EclipseLogger - Copying 0 resource
2017-06-15 22:55:28,748 [Worker-9] WARN  o.e.m.c.i.embedder.EclipseLogger - Using platform encoding (Cp1252 actually) to copy filtered resources, i.e. build is platform dependent!
2017-06-15 22:55:28,761 [Worker-9] INFO  o.e.m.c.i.embedder.EclipseLogger - skip non existing resourceDirectory D:\Drivers\eclipse\TheFxDealsAnalyzer\dealsanalyzer\src\test\resources
2017-06-15 22:55:54,285 [main] INFO  o.e.m2e.actions.ExecutePomAction - Creating new launch configuration
2017-06-15 22:56:17,748 [Worker-22] INFO  o.e.m.i.launch.MavenLaunchDelegate - D:\Drivers\eclipse\TheFxDealsAnalyzer\dealsanalyzer
2017-06-15 22:56:17,749 [Worker-22] INFO  o.e.m.i.launch.MavenLaunchDelegate -  mvn -B -Dmaven.test.skip=true -DskipTests clean install
2017-06-15 22:57:01,010 [Worker-5] WARN  o.e.m.c.i.embedder.EclipseLogger - Using platform encoding (Cp1252 actually) to copy filtered resources, i.e. build is platform dependent!
2017-06-15 22:57:01,021 [Worker-5] INFO  o.e.m.c.i.embedder.EclipseLogger - Copying 0 resource
2017-06-15 22:57:01,024 [Worker-5] WARN  o.e.m.c.i.embedder.EclipseLogger - Using platform encoding (Cp1252 actually) to copy filtered resources, i.e. build is platform dependent!
2017-06-15 22:57:01,035 [Worker-5] INFO  o.e.m.c.i.embedder.EclipseLogger - skip non existing resourceDirectory D:\Drivers\eclipse\TheFxDealsAnalyzer\dealsanalyzer\src\test\resources
2017-06-15 22:58:50,566 [Worker-22] INFO  o.e.m.w.i.f.ResourceFilteringBuildParticipant - Cleaning filtered folder for dealsanalyzer
2017-06-15 22:58:50,776 [Worker-22] WARN  o.e.m.c.i.embedder.EclipseLogger - Using platform encoding (Cp1252 actually) to copy filtered resources, i.e. build is platform dependent!
2017-06-15 22:58:50,789 [Worker-22] INFO  o.e.m.c.i.embedder.EclipseLogger - Copying 0 resource
2017-06-15 22:58:50,791 [Worker-22] WARN  o.e.m.c.i.embedder.EclipseLogger - Using platform encoding (Cp1252 actually) to copy filtered resources, i.e. build is platform dependent!
2017-06-15 22:58:50,800 [Worker-22] INFO  o.e.m.c.i.embedder.EclipseLogger - skip non existing resourceDirectory D:\Drivers\eclipse\TheFxDealsAnalyzer\dealsanalyzer\src\test\resources
2017-06-15 22:58:50,801 [Worker-22] INFO  o.e.m.w.i.f.ResourceFilteringBuildParticipant - Changed resources require a complete clean of filtered resources of dealsanalyzer
2017-06-15 22:58:50,801 [Worker-22] INFO  o.e.m.w.i.f.ResourceFilteringBuildParticipant - Executing resource filtering for dealsanalyzer
2017-06-15 22:58:50,817 [Worker-22] WARN  o.e.m.c.i.embedder.EclipseLogger - Using platform encoding (Cp1252 actually) to copy filtered resources, i.e. build is platform dependent!
2017-06-15 22:59:19,708 [main] INFO  o.e.m2e.actions.ExecutePomAction - Creating new launch configuration
2017-06-15 22:59:46,885 [Worker-5] INFO  o.e.m.i.launch.MavenLaunchDelegate - D:\Drivers\eclipse\TheFxDealsAnalyzer\dealsanalyzer
2017-06-15 22:59:46,885 [Worker-5] INFO  o.e.m.i.launch.MavenLaunchDelegate -  mvn -B -Dmaven.test.skip=true -DskipTests mvn clean install
2017-06-15 23:00:08,941 [main] INFO  o.e.m2e.actions.ExecutePomAction - Creating new launch configuration
2017-06-15 23:00:16,629 [Worker-9] INFO  o.e.m.i.launch.MavenLaunchDelegate - D:\Drivers\eclipse\TheFxDealsAnalyzer\dealsanalyzer
2017-06-15 23:00:16,630 [Worker-9] INFO  o.e.m.i.launch.MavenLaunchDelegate -  mvn -B -Dmaven.test.skip=true -DskipTests clean install
2017-06-15 23:04:28,354 [Worker-24] WARN  o.e.m.c.i.embedder.EclipseLogger - Using platform encoding (Cp1252 actually) to copy filtered resources, i.e. build is platform dependent!
2017-06-15 23:04:28,365 [Worker-24] INFO  o.e.m.c.i.embedder.EclipseLogger - Copying 0 resource
2017-06-15 23:04:28,367 [Worker-24] WARN  o.e.m.c.i.embedder.EclipseLogger - Using platform encoding (Cp1252 actually) to copy filtered resources, i.e. build is platform dependent!
2017-06-15 23:04:28,377 [Worker-24] INFO  o.e.m.c.i.embedder.EclipseLogger - skip non existing resourceDirectory D:\Drivers\eclipse\TheFxDealsAnalyzer\dealsanalyzer\src\test\resources
